2024-07-08 02:57:17 INFO  Utils:112 - [Utils] MethodGroupsHelper.collectMethodsByGroup() took 1 ms.
2024-07-08 02:57:17 INFO  Utils:112 - [Utils] MethodGroupsHelper.sortMethods() took 5 ms.
2024-07-08 02:57:17 INFO  Utils:112 - [Utils] MethodGroupsHelper.collectMethodsByGroup() took 0 ms.
2024-07-08 02:57:17 INFO  Utils:112 - [Utils] MethodGroupsHelper.sortMethods() took 0 ms.
2024-07-08 02:57:17 INFO  Utils:112 - [Utils] MethodGroupsHelper.collectMethodsByGroup() took 0 ms.
2024-07-08 02:57:17 INFO  Utils:112 - [Utils] MethodGroupsHelper.sortMethods() took 0 ms.
2024-07-08 02:57:17 INFO  Utils:112 - [Utils] MethodGroupsHelper.collectMethodsByGroup() took 0 ms.
2024-07-08 02:57:17 INFO  Utils:112 - [Utils] MethodGroupsHelper.sortMethods() took 0 ms.
2024-07-08 02:57:17 INFO  Utils:112 - [Utils] MethodGroupsHelper.collectMethodsByGroup() took 6 ms.
2024-07-08 02:57:17 INFO  Utils:112 - [Utils] MethodGroupsHelper.sortMethods() took 17 ms.
2024-07-08 02:57:17 INFO  Utils:112 - [Utils] MethodGroupsHelper.collectMethodsByGroup() took 0 ms.
2024-07-08 02:57:17 INFO  Utils:112 - [Utils] MethodGroupsHelper.sortMethods() took 0 ms.
2024-07-08 02:57:17 INFO  Utils:112 - [Utils] MethodGroupsHelper.collectMethodsByGroup() took 0 ms.
2024-07-08 02:57:17 INFO  Utils:112 - [Utils] MethodGroupsHelper.sortMethods() took 0 ms.
2024-07-08 02:57:17 INFO  Utils:112 - [Utils] MethodGroupsHelper.collectMethodsByGroup() took 0 ms.
2024-07-08 02:57:17 INFO  Utils:112 - [Utils] MethodGroupsHelper.sortMethods() took 0 ms.
2024-07-08 02:57:17 INFO  Utils:112 - [Utils] MethodGroupsHelper.collectMethodsByGroup() took 0 ms.
2024-07-08 02:57:17 INFO  Utils:112 - [Utils] MethodGroupsHelper.sortMethods() took 0 ms.
2024-07-08 02:57:17 INFO  Utils:112 - [Utils] MethodGroupsHelper.collectMethodsByGroup() took 0 ms.
2024-07-08 02:57:17 INFO  Utils:112 - [Utils] MethodGroupsHelper.sortMethods() took 0 ms.
2024-07-08 02:57:17 INFO  Utils:112 - [Utils] MethodGroupsHelper.collectMethodsByGroup() took 0 ms.
2024-07-08 02:57:17 INFO  Utils:112 - [Utils] MethodGroupsHelper.sortMethods() took 0 ms.
2024-07-08 02:57:17 INFO  Utils:112 - [Utils] MethodGroupsHelper.collectMethodsByGroup() took 0 ms.
2024-07-08 02:57:17 INFO  Utils:112 - [Utils] MethodGroupsHelper.sortMethods() took 0 ms.
2024-07-08 02:57:17 INFO  Utils:112 - [Utils] MethodGroupsHelper.collectMethodsByGroup() took 0 ms.
2024-07-08 02:57:17 INFO  Utils:112 - [Utils] MethodGroupsHelper.sortMethods() took 1 ms.
2024-07-08 02:57:17 INFO  Utils:112 - [Utils] MethodGroupsHelper.collectMethodsByGroup() took 0 ms.
2024-07-08 02:57:17 INFO  Utils:112 - [Utils] MethodGroupsHelper.sortMethods() took 0 ms.
2024-07-08 02:57:17 INFO  Utils:112 - [Utils] MethodGroupsHelper.collectMethodsByGroup() took 0 ms.
2024-07-08 02:57:17 INFO  Utils:112 - [Utils] MethodGroupsHelper.sortMethods() took 0 ms.
2024-07-08 02:57:17 INFO  Utils:112 - [TestNG] Running:
  C:\Users\Narendra\AppData\Local\Temp\testng-eclipse--2043074571\testng-customsuite.xml

2024-07-08 02:57:18 INFO  Utils:112 - [Utils] DynamicGraphHelper.createDynamicGraph() took 12 ms.
2024-07-08 02:57:29 INFO  Utils:112 - [TestNG] Time taken by org.testng.reporters.SuiteHTMLReporter@6de30571: 66 ms
2024-07-08 02:57:29 INFO  Utils:112 - [TestNG] Time taken by org.testng.reporters.jq.Main@7df60067: 224 ms
2024-07-08 02:57:29 INFO  Utils:112 - [TestNG] Time taken by org.testng.reporters.FailedReporter@388b401d: 34 ms
2024-07-08 02:57:29 INFO  Utils:112 - [TestNG] Time taken by org.testng.reporters.XMLReporter@78faea5f: 110 ms
2024-07-08 02:57:29 INFO  Utils:112 - [TestNG] Time taken by org.testng.reporters.EmailableReporter2@1e9804b9: 11 ms
2024-07-08 02:57:29 INFO  Utils:112 - [TestNG] Time taken by org.testng.reporters.JUnitReportReporter@7fab4be7: 10 ms
2024-07-08 02:57:29 INFO  Utils:112 - [TestNG] Time taken by org.testng.internal.ExitCodeListener@a64e035: 0 ms
2024-07-08 03:10:32 INFO  Utils:112 - [Utils] MethodGroupsHelper.collectMethodsByGroup() took 0 ms.
2024-07-08 03:10:32 INFO  Utils:112 - [Utils] MethodGroupsHelper.sortMethods() took 2 ms.
2024-07-08 03:10:32 INFO  Utils:112 - [Utils] MethodGroupsHelper.collectMethodsByGroup() took 0 ms.
2024-07-08 03:10:32 INFO  Utils:112 - [Utils] MethodGroupsHelper.sortMethods() took 0 ms.
2024-07-08 03:10:32 INFO  Utils:112 - [Utils] MethodGroupsHelper.collectMethodsByGroup() took 0 ms.
2024-07-08 03:10:32 INFO  Utils:112 - [Utils] MethodGroupsHelper.sortMethods() took 0 ms.
2024-07-08 03:10:32 INFO  Utils:112 - [Utils] MethodGroupsHelper.collectMethodsByGroup() took 0 ms.
2024-07-08 03:10:32 INFO  Utils:112 - [Utils] MethodGroupsHelper.sortMethods() took 0 ms.
2024-07-08 03:10:32 INFO  Utils:112 - [Utils] MethodGroupsHelper.collectMethodsByGroup() took 5 ms.
2024-07-08 03:10:32 INFO  Utils:112 - [Utils] MethodGroupsHelper.sortMethods() took 14 ms.
2024-07-08 03:10:32 INFO  Utils:112 - [Utils] MethodGroupsHelper.collectMethodsByGroup() took 0 ms.
2024-07-08 03:10:32 INFO  Utils:112 - [Utils] MethodGroupsHelper.sortMethods() took 0 ms.
2024-07-08 03:10:32 INFO  Utils:112 - [Utils] MethodGroupsHelper.collectMethodsByGroup() took 0 ms.
2024-07-08 03:10:32 INFO  Utils:112 - [Utils] MethodGroupsHelper.sortMethods() took 0 ms.
2024-07-08 03:10:32 INFO  Utils:112 - [Utils] MethodGroupsHelper.collectMethodsByGroup() took 0 ms.
2024-07-08 03:10:32 INFO  Utils:112 - [Utils] MethodGroupsHelper.sortMethods() took 0 ms.
2024-07-08 03:10:32 INFO  Utils:112 - [Utils] MethodGroupsHelper.collectMethodsByGroup() took 0 ms.
2024-07-08 03:10:32 INFO  Utils:112 - [Utils] MethodGroupsHelper.sortMethods() took 0 ms.
2024-07-08 03:10:32 INFO  Utils:112 - [Utils] MethodGroupsHelper.collectMethodsByGroup() took 0 ms.
2024-07-08 03:10:32 INFO  Utils:112 - [Utils] MethodGroupsHelper.sortMethods() took 0 ms.
2024-07-08 03:10:32 INFO  Utils:112 - [Utils] MethodGroupsHelper.collectMethodsByGroup() took 0 ms.
2024-07-08 03:10:32 INFO  Utils:112 - [Utils] MethodGroupsHelper.sortMethods() took 0 ms.
2024-07-08 03:10:32 INFO  Utils:112 - [Utils] MethodGroupsHelper.collectMethodsByGroup() took 0 ms.
2024-07-08 03:10:32 INFO  Utils:112 - [Utils] MethodGroupsHelper.sortMethods() took 0 ms.
2024-07-08 03:10:32 INFO  Utils:112 - [Utils] MethodGroupsHelper.collectMethodsByGroup() took 0 ms.
2024-07-08 03:10:32 INFO  Utils:112 - [Utils] MethodGroupsHelper.sortMethods() took 0 ms.
2024-07-08 03:10:32 INFO  Utils:112 - [Utils] MethodGroupsHelper.collectMethodsByGroup() took 0 ms.
2024-07-08 03:10:32 INFO  Utils:112 - [Utils] MethodGroupsHelper.sortMethods() took 0 ms.
2024-07-08 03:10:32 INFO  Utils:112 - [Utils] MethodGroupsHelper.collectMethodsByGroup() took 0 ms.
2024-07-08 03:10:32 INFO  Utils:112 - [Utils] MethodGroupsHelper.sortMethods() took 0 ms.
2024-07-08 03:10:32 INFO  Utils:112 - [TestNG] Running:
  C:\Users\Narendra\AppData\Local\Temp\testng-eclipse--750152989\testng-customsuite.xml

2024-07-08 03:10:32 INFO  Utils:112 - [Utils] DynamicGraphHelper.createDynamicGraph() took 6 ms.
2024-07-08 03:10:39 INFO  Utils:112 - [TestNG] Time taken by org.testng.reporters.SuiteHTMLReporter@6de30571: 48 ms
2024-07-08 03:10:39 INFO  Utils:112 - [TestNG] Time taken by org.testng.reporters.jq.Main@7df60067: 100 ms
2024-07-08 03:10:39 INFO  Utils:112 - [TestNG] Time taken by org.testng.reporters.FailedReporter@388b401d: 17 ms
2024-07-08 03:10:39 INFO  Utils:112 - [TestNG] Time taken by org.testng.reporters.XMLReporter@78faea5f: 11 ms
2024-07-08 03:10:39 INFO  Utils:112 - [TestNG] Time taken by org.testng.reporters.EmailableReporter2@1e9804b9: 9 ms
2024-07-08 03:10:39 INFO  Utils:112 - [TestNG] Time taken by org.testng.reporters.JUnitReportReporter@7fab4be7: 10 ms
2024-07-08 03:10:39 INFO  Utils:112 - [TestNG] Time taken by org.testng.internal.ExitCodeListener@a64e035: 0 ms
2024-07-08 03:45:20 INFO  Utils:112 - [Utils] MethodGroupsHelper.collectMethodsByGroup() took 1 ms.
2024-07-08 03:45:20 INFO  Utils:112 - [Utils] MethodGroupsHelper.sortMethods() took 3 ms.
2024-07-08 03:45:20 INFO  Utils:112 - [Utils] MethodGroupsHelper.collectMethodsByGroup() took 0 ms.
2024-07-08 03:45:20 INFO  Utils:112 - [Utils] MethodGroupsHelper.sortMethods() took 0 ms.
2024-07-08 03:45:20 INFO  Utils:112 - [Utils] MethodGroupsHelper.collectMethodsByGroup() took 0 ms.
2024-07-08 03:45:20 INFO  Utils:112 - [Utils] MethodGroupsHelper.sortMethods() took 0 ms.
2024-07-08 03:45:20 INFO  Utils:112 - [Utils] MethodGroupsHelper.collectMethodsByGroup() took 0 ms.
2024-07-08 03:45:20 INFO  Utils:112 - [Utils] MethodGroupsHelper.sortMethods() took 0 ms.
2024-07-08 03:45:20 INFO  Utils:112 - [Utils] MethodGroupsHelper.collectMethodsByGroup() took 5 ms.
2024-07-08 03:45:20 INFO  Utils:112 - [Utils] MethodGroupsHelper.sortMethods() took 13 ms.
2024-07-08 03:45:20 INFO  Utils:112 - [Utils] MethodGroupsHelper.collectMethodsByGroup() took 0 ms.
2024-07-08 03:45:20 INFO  Utils:112 - [Utils] MethodGroupsHelper.sortMethods() took 0 ms.
2024-07-08 03:45:20 INFO  Utils:112 - [Utils] MethodGroupsHelper.collectMethodsByGroup() took 0 ms.
2024-07-08 03:45:20 INFO  Utils:112 - [Utils] MethodGroupsHelper.sortMethods() took 0 ms.
2024-07-08 03:45:20 INFO  Utils:112 - [Utils] MethodGroupsHelper.collectMethodsByGroup() took 0 ms.
2024-07-08 03:45:20 INFO  Utils:112 - [Utils] MethodGroupsHelper.sortMethods() took 0 ms.
2024-07-08 03:45:20 INFO  Utils:112 - [Utils] MethodGroupsHelper.collectMethodsByGroup() took 0 ms.
2024-07-08 03:45:20 INFO  Utils:112 - [Utils] MethodGroupsHelper.sortMethods() took 0 ms.
2024-07-08 03:45:20 INFO  Utils:112 - [Utils] MethodGroupsHelper.collectMethodsByGroup() took 0 ms.
2024-07-08 03:45:20 INFO  Utils:112 - [Utils] MethodGroupsHelper.sortMethods() took 0 ms.
2024-07-08 03:45:20 INFO  Utils:112 - [Utils] MethodGroupsHelper.collectMethodsByGroup() took 0 ms.
2024-07-08 03:45:20 INFO  Utils:112 - [Utils] MethodGroupsHelper.sortMethods() took 0 ms.
2024-07-08 03:45:20 INFO  Utils:112 - [Utils] MethodGroupsHelper.collectMethodsByGroup() took 0 ms.
2024-07-08 03:45:20 INFO  Utils:112 - [Utils] MethodGroupsHelper.sortMethods() took 0 ms.
2024-07-08 03:45:20 INFO  Utils:112 - [Utils] MethodGroupsHelper.collectMethodsByGroup() took 0 ms.
2024-07-08 03:45:20 INFO  Utils:112 - [Utils] MethodGroupsHelper.sortMethods() took 0 ms.
2024-07-08 03:45:20 INFO  Utils:112 - [Utils] MethodGroupsHelper.collectMethodsByGroup() took 0 ms.
2024-07-08 03:45:20 INFO  Utils:112 - [Utils] MethodGroupsHelper.sortMethods() took 0 ms.
2024-07-08 03:45:20 INFO  Utils:112 - [Utils] MethodGroupsHelper.collectMethodsByGroup() took 0 ms.
2024-07-08 03:45:20 INFO  Utils:112 - [Utils] MethodGroupsHelper.sortMethods() took 0 ms.
2024-07-08 03:45:20 INFO  Utils:112 - [TestNG] Running:
  C:\Users\Narendra\AppData\Local\Temp\testng-eclipse-576417414\testng-customsuite.xml

2024-07-08 03:45:20 INFO  Utils:112 - [Utils] DynamicGraphHelper.createDynamicGraph() took 5 ms.
2024-07-08 03:45:26 INFO  Utils:112 - [TestNG] Time taken by org.testng.reporters.SuiteHTMLReporter@5ee34b1b: 41 ms
2024-07-08 03:45:26 INFO  Utils:112 - [TestNG] Time taken by org.testng.reporters.jq.Main@1cbb3d3b: 104 ms
2024-07-08 03:45:26 INFO  Utils:112 - [TestNG] Time taken by org.testng.reporters.FailedReporter@2bcec6a6: 18 ms
2024-07-08 03:45:26 INFO  Utils:112 - [TestNG] Time taken by org.testng.reporters.XMLReporter@37fdfb05: 71 ms
2024-07-08 03:45:26 INFO  Utils:112 - [TestNG] Time taken by org.testng.reporters.EmailableReporter2@543e593: 27 ms
2024-07-08 03:45:26 INFO  Utils:112 - [TestNG] Time taken by org.testng.reporters.JUnitReportReporter@a64e035: 13 ms
2024-07-08 03:45:26 INFO  Utils:112 - [TestNG] Time taken by org.testng.internal.ExitCodeListener@4d74c3ba: 0 ms
